[    0.000000] Initializing cgroup subsys cpuset
[    0.000000] Initializing cgroup subsys cpu
[    0.000000] Initializing cgroup subsys cpuacct
[    0.000000] Linux version 4.4.0-174-generic (buildd@lcy01-amd64-027) (gcc version 5.4.0 20160609 (Ubuntu 5.4.0-6ubuntu1~16.04.12) ) #204-Ubuntu SMP Wed Jan 29 06:41:01 UTC 2020 (Ubuntu 4.4.0-174.204-generic 4.4.211)
[    0.000000] Command line: BOOT_IMAGE=/boot/vmlinuz-4.4.0-174-generic root=LABEL=cloudimg-rootfs ro console=tty1 console=ttyS0
[    0.000000] KERNEL supported cpus:
[    0.000000]   Intel GenuineIntel
[    0.000000]   AMD AuthenticAMD
[    0.000000]   Centaur CentaurHauls
[    0.000000] x86/fpu: xstate_offset[2]:  576, xstate_sizes[2]:  256
[    0.000000] x86/fpu: Supporting XSAVE feature 0x01: 'x87 floating point registers'
[    0.000000] x86/fpu: Supporting XSAVE feature 0x02: 'SSE registers'
[    0.000000] x86/fpu: Supporting XSAVE feature 0x04: 'AVX registers'
[    0.000000] x86/fpu: Enabled xstate features 0x7, context size is 832 bytes, using 'standard' format.
[    0.000000] e820: BIOS-provided physical RAM map:
[    0.000000] BIOS-e820: [mem 0x0000000000000000-0x000000000009fbff] usable
[    0.000000] BIOS-e820: [mem 0x000000000009fc00-0x000000000009ffff] reserved
[    0.000000] BIOS-e820: [mem 0x00000000000f0000-0x00000000000fffff] reserved
[    0.000000] BIOS-e820: [mem 0x0000000000100000-0x000000003ffeffff] usable
[    0.000000] BIOS-e820: [mem 0x000000003fff0000-0x000000003fffffff] ACPI data
[    0.000000] BIOS-e820: [mem 0x00000000fec00000-0x00000000fec00fff] reserved
[    0.000000] BIOS-e820: [mem 0x00000000fee00000-0x00000000fee00fff] reserved
[    0.000000] BIOS-e820: [mem 0x00000000fffc0000-0x00000000ffffffff] reserved
[    0.000000] NX (Execute Disable) protection: active
[    0.000000] SMBIOS 2.5 present.
[    0.000000] Hypervisor detected: KVM
[    0.000000] e820: last_pfn = 0x3fff0 max_arch_pfn = 0x400000000
[    0.000000] MTRR: Disabled
[    0.000000] x86/PAT: MTRRs disabled, skipping PAT initialization too.
[    0.000000] CPU MTRRs all blank - virtualized system.
[    0.000000] x86/PAT: Configuration [0-7]: WB  WT  UC- UC  WB  WT  UC- UC  
[    0.000000] found SMP MP-table at [mem 0x0009fff0-0x0009ffff] mapped at [ffff88000009fff0]
[    0.000000] Scanning 1 areas for low memory corruption
[    0.000000] RAMDISK: [mem 0x362e0000-0x37167fff]
[    0.000000] ACPI: Early table checksum verification disabled
[    0.000000] ACPI: RSDP 0x00000000000E0000 000024 (v02 VBOX  )
[    0.000000] ACPI: XSDT 0x000000003FFF0030 00003C (v01 VBOX   VBOXXSDT 00000001 ASL  00000061)
[    0.000000] ACPI: FACP 0x000000003FFF00F0 0000F4 (v04 VBOX   VBOXFACP 00000001 ASL  00000061)
[    0.000000] ACPI: DSDT 0x000000003FFF0470 002325 (v02 VBOX   VBOXBIOS 00000002 INTL 20100528)
[    0.000000] ACPI: FACS 0x000000003FFF0200 000040
[    0.000000] ACPI: FACS 0x000000003FFF0200 000040
[    0.000000] ACPI: APIC 0x000000003FFF0240 00005C (v02 VBOX   VBOXAPIC 00000001 ASL  00000061)
[    0.000000] ACPI: SSDT 0x000000003FFF02A0 0001CC (v01 VBOX   VBOXCPUT 00000002 INTL 20100528)
[    0.000000] No NUMA configuration found
[    0.000000] Faking a node at [mem 0x0000000000000000-0x000000003ffeffff]
[    0.000000] NODE_DATA(0) allocated [mem 0x3ffeb000-0x3ffeffff]
[    0.000000] kvm-clock: Using msrs 4b564d01 and 4b564d00
[    0.000000] kvm-clock: cpu 0, msr 0:3ffe3001, primary cpu clock
[    0.000000] kvm-clock: using sched offset of 4156448876 cycles
[    0.000000] clocksource: kvm-clock: mask: 0xffffffffffffffff max_cycles: 0x1cd42e4dffb, max_idle_ns: 881590591483 ns
[    0.000000] Zone ranges:
[    0.000000]   DMA      [mem 0x0000000000001000-0x0000000000ffffff]
[    0.000000]   DMA32    [mem 0x0000000001000000-0x000000003ffeffff]
[    0.000000]   Normal   empty
[    0.000000]   Device   empty
[    0.000000] Movable zone start for each node
[    0.000000] Early memory node ranges
[    0.000000]   node   0: [mem 0x0000000000001000-0x000000000009efff]
[    0.000000]   node   0: [mem 0x0000000000100000-0x000000003ffeffff]
[    0.000000] Initmem setup node 0 [mem 0x0000000000001000-0x000000003ffeffff]
[    0.000000] ACPI: PM-Timer IO Port: 0x4008
[    0.000000] IOAPIC[0]: apic_id 2, version 32, address 0xfec00000, GSI 0-23
[    0.000000] ACPI: INT_SRC_OVR (bus 0 bus_irq 0 global_irq 2 dfl dfl)
[    0.000000] ACPI: INT_SRC_OVR (bus 0 bus_irq 9 global_irq 9 low level)
[    0.000000] Using ACPI (MADT) for SMP configuration information
[    0.000000] smpboot: Allowing 2 CPUs, 0 hotplug CPUs
[    0.000000] PM: Registered nosave memory: [mem 0x00000000-0x00000fff]
[    0.000000] PM: Registered nosave memory: [mem 0x0009f000-0x0009ffff]
[    0.000000] PM: Registered nosave memory: [mem 0x000a0000-0x000effff]
[    0.000000] PM: Registered nosave memory: [mem 0x000f0000-0x000fffff]
[    0.000000] e820: [mem 0x40000000-0xfebfffff] available for PCI devices
[    0.000000] Booting paravirtualized kernel on KVM
[    0.000000] clocksource: refined-jiffies: mask: 0xffffffff max_cycles: 0xffffffff, max_idle_ns: 7645519600211568 ns
[    0.000000] setup_percpu: NR_CPUS:512 nr_cpumask_bits:512 nr_cpu_ids:2 nr_node_ids:1
[    0.000000] PERCPU: Embedded 33 pages/cpu @ffff88003fc00000 s95448 r8192 d31528 u1048576
[    0.000000] Built 1 zonelists in Node order, mobility grouping on.  Total pages: 257912
[    0.000000] Policy zone: DMA32
[    0.000000] Kernel command line: BOOT_IMAGE=/boot/vmlinuz-4.4.0-174-generic root=LABEL=cloudimg-rootfs ro console=tty1 console=ttyS0
[    0.000000] PID hash table entries: 4096 (order: 3, 32768 bytes)
[    0.000000] Memory: 997672K/1048120K available (8626K kernel code, 1336K rwdata, 4032K rodata, 1488K init, 1292K bss, 50448K reserved, 0K cma-reserved)
[    0.000000] SLUB: HWalign=64, Order=0-3, MinObjects=0, CPUs=2, Nodes=1
[    0.000000] Kernel/User page tables isolation: enabled
[    0.000000] Hierarchical RCU implementation.
[    0.000000] 	Build-time adjustment of leaf fanout to 64.
[    0.000000] 	RCU restricting CPUs from NR_CPUS=512 to nr_cpu_ids=2.
[    0.000000] RCU: Adjusting geometry for rcu_fanout_leaf=64, nr_cpu_ids=2
[    0.000000] NR_IRQS:33024 nr_irqs:440 16
[    0.000000] Console: colour VGA+ 80x25
[    0.000000] console [tty1] enabled
[    0.000000] console [ttyS0] enabled
[    0.000000] tsc: Detected 2712.002 MHz processor
[    0.313057] Calibrating delay loop (skipped) preset value.. 5424.00 BogoMIPS (lpj=10848008)
[    0.315916] pid_max: default: 32768 minimum: 301
[    0.317950] ACPI: Core revision 20150930
[    0.324755] ACPI: 2 ACPI AML tables successfully acquired and loaded
[    0.327961] Security Framework initialized
[    0.329311] Yama: becoming mindful.
[    0.330664] AppArmor: AppArmor initialized
[    0.332553] Dentry cache hash table entries: 131072 (order: 8, 1048576 bytes)
[    0.348972] Inode-cache hash table entries: 65536 (order: 7, 524288 bytes)
[    0.350679] Mount-cache hash table entries: 2048 (order: 2, 16384 bytes)
[    0.355080] Mountpoint-cache hash table entries: 2048 (order: 2, 16384 bytes)
[    0.358900] Initializing cgroup subsys io
[    0.360044] Initializing cgroup subsys memory
[    0.361175] Initializing cgroup subsys devices
[    0.362351] Initializing cgroup subsys freezer
[    0.363506] Initializing cgroup subsys net_cls
[    0.364725] Initializing cgroup subsys perf_event
[    0.366063] Initializing cgroup subsys net_prio
[    0.367207] Initializing cgroup subsys hugetlb
[    0.368523] Initializing cgroup subsys pids
[    0.374382] mce: CPU supports 0 MCE banks
[    0.376041] Last level iTLB entries: 4KB 64, 2MB 8, 4MB 8
[    0.377577] Last level dTLB entries: 4KB 64, 2MB 0, 4MB 0, 1GB 4
[    0.379294] Spectre V1 : Mitigation: usercopy/swapgs barriers and __user pointer sanitization
[    0.381543] Spectre V2 : Mitigation: Full generic retpoline
[    0.383295] Spectre V2 : Spectre v2 / SpectreRSB mitigation: Filling RSB on context switch
[    0.387433] Speculative Store Bypass: Vulnerable
[    0.391930] MDS: Vulnerable: Clear CPU buffers attempted, no microcode
[    0.401113] Freeing SMP alternatives memory: 36K
[    0.415219] ftrace: allocating 32305 entries in 127 pages
[    0.517451] smpboot: APIC(0) Converting physical 0 to logical package 0
[    0.523296] smpboot: Max logical packages: 1
[    0.525921] x2apic enabled
[    0.526983] Switched APIC routing to physical x2apic.
[    0.530144] ..TIMER: vector=0x30 apic1=0 pin1=2 apic2=-1 pin2=-1
[    0.640106] smpboot: CPU0: Intel(R) Core(TM) i5-7200U CPU @ 2.50GHz (family: 0x6, model: 0x8e, stepping: 0x9)
[    0.642927] Performance Events: unsupported p6 CPU model 142 no PMU driver, software events only.
[    0.660885] KVM setup paravirtual spinlock
[    0.663287] x86: Booting SMP configuration:
[    0.665682] .... node  #0, CPUs:      #1
[    0.667797] kvm-clock: cpu 1, msr 0:3ffe3041, secondary cpu clock
[    0.678539] mce: CPU supports 0 MCE banks
[    0.682278] x86: Booted up 1 node, 2 CPUs
[    0.683818] smpboot: Total of 2 processors activated (10848.00 BogoMIPS)
[    0.688469] devtmpfs: initialized
[    0.693374] evm: security.selinux
[    0.695130] evm: security.SMACK64
[    0.697110] evm: security.SMACK64EXEC
[    0.698248] evm: security.SMACK64TRANSMUTE
[    0.699597] evm: security.SMACK64MMAP
[    0.700853] evm: security.ima
[    0.701969] evm: security.capability
[    0.706966] clocksource: jiffies: mask: 0xffffffff max_cycles: 0xffffffff, max_idle_ns: 7645041785100000 ns
[    0.710190] futex hash table entries: 512 (order: 3, 32768 bytes)
[    0.712160] pinctrl core: initialized pinctrl subsystem
[    0.713810] RTC time:  9:35:40, date: 03/13/20
[    0.715624] NET: Registered protocol family 16
[    0.729679] cpuidle: using governor ladder
[    0.742351] cpuidle: using governor menu
[    0.743715] PCCT header not found.
[    0.744864] ACPI: bus type PCI registered
[    0.746028] acpiphp: ACPI Hot Plug PCI Controller Driver version: 0.5
[    0.748082] PCI: Using configuration type 1 for base access
[    0.763586] ACPI: Added _OSI(Module Device)
[    0.764911] ACPI: Added _OSI(Processor Device)
[    0.766166] ACPI: Added _OSI(3.0 _SCP Extensions)
[    0.767530] ACPI: Added _OSI(Processor Aggregator Device)
[    0.777838] ACPI: Executed 1 blocks of module-level executable AML code
[    0.791505] ACPI: Interpreter enabled
[    0.795429] ACPI: (supports S0 S5)
[    0.796602] ACPI: Using IOAPIC for interrupt routing
[    0.801544] PCI: Using host bridge windows from ACPI; if necessary, use "pci=nocrs" and report a bug
[    0.817044] ACPI: PCI Root Bridge [PCI0] (domain 0000 [bus 00-ff])
[    0.819150] acpi PNP0A03:00: _OSC: OS supports [ASPM ClockPM Segments MSI]
[    0.828523] acpi PNP0A03:00: _OSC: not requesting OS control; OS requires [ExtendedConfig ASPM ClockPM MSI]
[    0.831233] acpi PNP0A03:00: fail to add MMCONFIG information, can't access extended PCI configuration space under this bridge.
[    0.839796] PCI host bridge to bus 0000:00
[    0.843106] pci_bus 0000:00: root bus resource [io  0x0000-0x0cf7 window]
[    0.845672] pci_bus 0000:00: root bus resource [io  0x0d00-0xffff window]
[    0.848169] pci_bus 0000:00: root bus resource [mem 0x000a0000-0x000bffff window]
[    0.850415] pci_bus 0000:00: root bus resource [mem 0x40000000-0xfdffffff window]
[    0.859914] pci_bus 0000:00: root bus resource [bus 00-ff]
[    0.864926] pci 0000:00:01.1: legacy IDE quirk: reg 0x10: [io  0x01f0-0x01f7]
[    0.866765] pci 0000:00:01.1: legacy IDE quirk: reg 0x14: [io  0x03f6]
[    0.868549] pci 0000:00:01.1: legacy IDE quirk: reg 0x18: [io  0x0170-0x0177]
[    0.877985] pci 0000:00:01.1: legacy IDE quirk: reg 0x1c: [io  0x0376]
[    0.945348] pci 0000:00:07.0: quirk: [io  0x4000-0x403f] claimed by PIIX4 ACPI
[    0.948297] pci 0000:00:07.0: quirk: [io  0x4100-0x410f] claimed by PIIX4 SMB
[    0.975734] ACPI: PCI Interrupt Link [LNKA] (IRQs 5 9 10 *11)
[    0.978507] ACPI: PCI Interrupt Link [LNKB] (IRQs 5 9 *10 11)
[    0.980767] ACPI: PCI Interrupt Link [LNKC] (IRQs 5 *9 10 11)
[    0.982937] ACPI: PCI Interrupt Link [LNKD] (IRQs 5 9 10 *11)
[    0.985241] ACPI: Enabled 2 GPEs in block 00 to 07
[    0.989036] vgaarb: setting as boot device: PCI:0000:00:02.0
[    0.990754] vgaarb: device added: PCI:0000:00:02.0,decodes=io+mem,owns=io+mem,locks=none
[    0.993314] vgaarb: loaded
[    0.994278] vgaarb: bridge control possible 0000:00:02.0
[    0.996018] SCSI subsystem initialized
[    0.997365] ACPI: bus type USB registered
[    1.001625] usbcore: registered new interface driver usbfs
[    1.009637] usbcore: registered new interface driver hub
[    1.011867] usbcore: registered new device driver usb
[    1.014410] PCI: Using ACPI for IRQ routing
[    1.026742] NetLabel: Initializing
[    1.028201] NetLabel:  domain hash size = 128
[    1.030011] NetLabel:  protocols = UNLABELED CIPSOv4
[    1.032012] NetLabel:  unlabeled traffic allowed by default
[    1.034276] amd_nb: Cannot enumerate AMD northbridges
[    1.036292] clocksource: Switched to clocksource kvm-clock
[    1.064836] AppArmor: AppArmor Filesystem Enabled
[    1.073851] pnp: PnP ACPI init
[    1.076878] pnp: PnP ACPI: found 3 devices
[    1.112847] clocksource: acpi_pm: mask: 0xffffff max_cycles: 0xffffff, max_idle_ns: 2085701024 ns
[    1.125612] NET: Registered protocol family 2
[    1.129429] TCP established hash table entries: 8192 (order: 4, 65536 bytes)
[    1.134810] TCP bind hash table entries: 8192 (order: 5, 131072 bytes)
[    1.144107] TCP: Hash tables configured (established 8192 bind 8192)
[    1.149311] UDP hash table entries: 512 (order: 2, 16384 bytes)
[    1.158838] UDP-Lite hash table entries: 512 (order: 2, 16384 bytes)
[    1.162267] NET: Registered protocol family 1
[    1.164821] pci 0000:00:00.0: Limiting direct PCI/PCI transfers
[    1.172376] pci 0000:00:01.0: Activating ISA DMA hang workarounds
[    1.179872] Unpacking initramfs...
[    1.639561] Freeing initrd memory: 14880K
[    1.642232] clocksource: tsc: mask: 0xffffffffffffffff max_cycles: 0x2717880cafa, max_idle_ns: 440795252614 ns
[    1.645169] platform rtc_cmos: registered platform RTC device (no PNP device found)
[    1.649080] Scanning for low memory corruption every 60 seconds
[    1.654481] audit: initializing netlink subsys (disabled)
[    1.659132] audit: type=2000 audit(1584092147.497:1): initialized
[    1.662206] Initialise system trusted keyring
[    1.664652] HugeTLB registered 2 MB page size, pre-allocated 0 pages
[    1.667853] zbud: loaded
[    1.670854] VFS: Disk quotas dquot_6.6.0
[    1.672249] VFS: Dquot-cache hash table entries: 512 (order 0, 4096 bytes)
[    1.675854] squashfs: version 4.0 (2009/01/31) Phillip Lougher
[    1.678167] fuse init (API version 7.23)
[    1.679711] Key type big_key registered
[    1.681153] Allocating IMA MOK and blacklist keyrings.
[    1.683897] Key type asymmetric registered
[    1.685447] Asymmetric key parser 'x509' registered
[    1.688426] Block layer SCSI generic (bsg) driver version 0.4 loaded (major 249)
[    1.691582] io scheduler noop registered
[    1.692863] io scheduler deadline registered (default)
[    1.694235] io scheduler cfq registered
[    1.695501] pci_hotplug: PCI Hot Plug PCI Core version: 0.5
[    1.697054] pciehp: PCI Express Hot Plug Controller Driver version: 0.4
[    1.705544] ACPI: AC Adapter [AC] (on-line)
[    1.706903] input: Power Button as /devices/LNXSYSTM:00/LNXPWRBN:00/input/input0
[    1.710477] ACPI: Power Button [PWRF]
[    1.711698] input: Sleep Button as /devices/LNXSYSTM:00/LNXSLPBN:00/input/input1
[    1.714357] ACPI: Sleep Button [SLPF]
[    1.715943] GHES: HEST is not enabled!
[    1.717209] ACPI: Battery Slot [BAT0] (battery present)
[    1.717328] Serial: 8250/16550 driver, 32 ports, IRQ sharing enabled
[    1.739667] 00:02: ttyS0 at I/O 0x3f8 (irq = 4, base_baud = 115200) is a 16550A
[    1.742152] Linux agpgart interface v0.103
[    1.748396] loop: module loaded
[    1.750393] scsi host0: ata_piix
[    1.752132] scsi host1: ata_piix
[    1.755284] ata1: PATA max UDMA/33 cmd 0x1f0 ctl 0x3f6 bmdma 0xd000 irq 14
[    1.759420] ata2: PATA max UDMA/33 cmd 0x170 ctl 0x376 bmdma 0xd008 irq 15
[    1.761956] libphy: Fixed MDIO Bus: probed
[    1.763196] tun: Universal TUN/TAP device driver, 1.6
[    1.764643] tun: (C) 1999-2004 Max Krasnyansky <maxk@qualcomm.com>
[    1.766530] PPP generic driver version 2.4.2
[    1.767910] ehci_hcd: USB 2.0 'Enhanced' Host Controller (EHCI) Driver
[    1.772093] ehci-pci: EHCI PCI platform driver
[    1.773588] ehci-platform: EHCI generic platform driver
[    1.775671] ohci_hcd: USB 1.1 'Open' Host Controller (OHCI) Driver
[    1.777540] ohci-pci: OHCI PCI platform driver
[    1.778859] ohci-platform: OHCI generic platform driver
[    1.780263] uhci_hcd: USB Universal Host Controller Interface driver
[    1.783233] i8042: PNP: PS/2 Controller [PNP0303:PS2K,PNP0f03:PS2M] at 0x60,0x64 irq 1,12
[    1.791455] serio: i8042 KBD port at 0x60,0x64 irq 1
[    1.793004] serio: i8042 AUX port at 0x60,0x64 irq 12
[    1.794623] mousedev: PS/2 mouse device common for all mice
[    1.797082] rtc_cmos rtc_cmos: rtc core: registered rtc_cmos as rtc0
[    1.803183] rtc_cmos rtc_cmos: alarms up to one day, 114 bytes nvram
[    1.806223] i2c /dev entries driver
[    1.807498] input: AT Translated Set 2 keyboard as /devices/platform/i8042/serio0/input/input2
[    1.810202] device-mapper: uevent: version 1.0.3
[    1.811744] device-mapper: ioctl: 4.34.0-ioctl (2015-10-28) initialised: dm-devel@redhat.com
[    1.814652] ledtrig-cpu: registered to indicate activity on CPUs
[    1.817086] NET: Registered protocol family 10
[    1.818937] NET: Registered protocol family 17
[    1.822371] Key type dns_resolver registered
[    1.824065] registered taskstats version 1
[    1.825647] Loading compiled-in X.509 certificates
[    1.828143] Loaded X.509 cert 'Build time autogenerated kernel key: 2501974cc66248a18f8fa54aaac948a5171f77fb'
[    1.831147] zswap: loaded using pool lzo/zbud
[    1.838072] Key type trusted registered
[    1.844542] Key type encrypted registered
[    1.845902] AppArmor: AppArmor sha1 policy hashing enabled
[    1.847474] ima: No TPM chip found, activating TPM-bypass!
[    1.849276] ima: Allocated hash algorithm: sha1
[    1.850637] evm: HMAC attrs: 0x1
[    1.854309]   Magic number: 12:938:575
[    1.855723]  workqueue: hash matches
[    1.857203] rtc_cmos rtc_cmos: setting system clock to 2020-03-13 09:35:42 UTC (1584092142)
[    1.860733] BIOS EDD facility v0.16 2004-Jun-25, 0 devices found
[    1.862385] EDD information not available.
[    1.949098] Freeing unused kernel memory: 1488K
[    1.950645] Write protecting the kernel read-only data: 14336k
[    1.955488] Freeing unused kernel memory: 1604K
[    1.957402] Freeing unused kernel memory: 64K
Loading, please wait...
starting version 229
[    1.979148] random: systemd-udevd: uninitialized urandom read (16 bytes read, 3 bits of entropy available)
[    1.979791] random: udevadm: uninitialized urandom read (16 bytes read, 3 bits of entropy available)
[    1.979825] random: udevadm: uninitialized urandom read (16 bytes read, 3 bits of entropy available)
[    1.994773] random: udevadm: uninitialized urandom read (16 bytes read, 3 bits of entropy available)
[    1.994829] random: udevadm: uninitialized urandom read (16 bytes read, 3 bits of entropy available)
[    1.995228] random: udevadm: uninitialized urandom read (16 bytes read, 3 bits of entropy available)
[    1.995298] random: udevadm: uninitialized urandom read (16 bytes read, 3 bits of entropy available)
[    1.995360] random: udevadm: uninitialized urandom read (16 bytes read, 3 bits of entropy available)
[    1.995419] random: udevadm: uninitialized urandom read (16 bytes read, 3 bits of entropy available)
[    1.995536] random: udevadm: uninitialized urandom read (16 bytes read, 3 bits of entropy available)
[    2.079199] e1000: Intel(R) PRO/1000 Network Driver - version 7.3.21-k8-NAPI
[    2.081890] e1000: Copyright (c) 1999-2006 Intel Corporation.
[    2.091131] Fusion MPT base driver 3.04.20
[    2.093352] Copyright (c) 1999-2008 LSI Corporation
[    2.111886] Fusion MPT SPI Host driver 3.04.20
[    2.124641] AVX2 version of gcm_enc/dec engaged.
[    2.127136] AES CTR mode by8 optimization enabled
[    2.323493] input: ImExPS/2 Generic Explorer Mouse as /devices/platform/i8042/serio1/input/input4
[    2.733552] e1000 0000:00:03.0 eth0: (PCI:33MHz:32-bit) 02:1b:c5:10:6b:e2
[    2.738338] e1000 0000:00:03.0 eth0: Intel(R) PRO/1000 Network Connection
[    3.308805] e1000 0000:00:08.0 eth1: (PCI:33MHz:32-bit) 08:00:27:53:31:29
[    3.310966] e1000 0000:00:08.0 eth1: Intel(R) PRO/1000 Network Connection
[    3.313974] mptbase: ioc0: Initiating bringup
[    3.314725] e1000 0000:00:03.0 enp0s3: renamed from eth0
[    3.325399] e1000 0000:00:08.0 enp0s8: renamed from eth1
[    3.644279] ioc0: LSI53C1030 A0: Capabilities={Initiator}
[    4.862344] scsi host2: ioc0: LSI53C1030 A0, FwRev=00000000h, Ports=1, MaxQ=256, IRQ=20
[    5.660860] scsi 2:0:0:0: Direct-Access     VBOX     HARDDISK         1.0  PQ: 0 ANSI: 5
[    5.663286] scsi target2:0:0: Beginning Domain Validation
[    5.666297] scsi target2:0:0: Domain Validation skipping write tests
[    5.670482] scsi target2:0:0: Ending Domain Validation
[    5.671890] scsi target2:0:0: asynchronous
[    5.675548] scsi 2:0:1:0: Direct-Access     VBOX     HARDDISK         1.0  PQ: 0 ANSI: 5
[    5.693304] scsi target2:0:1: Beginning Domain Validation
[    5.695939] scsi target2:0:1: Domain Validation skipping write tests
[    5.697736] scsi target2:0:1: Ending Domain Validation
[    5.699256] scsi target2:0:1: asynchronous
[    5.711603] sd 2:0:0:0: Attached scsi generic sg0 type 0
[    5.713306] sd 2:0:0:0: [sda] 20971520 512-byte logical blocks: (10.7 GB/10.0 GiB)
[    5.716139] sd 2:0:1:0: [sdb] 20480 512-byte logical blocks: (10.5 MB/10.0 MiB)
[    5.721050] sd 2:0:1:0: Attached scsi generic sg1 type 0
[    5.722655] sd 2:0:0:0: [sda] Write Protect is off
[    5.722866] sd 2:0:1:0: [sdb] Write Protect is off
[    5.723146] sd 2:0:1:0: [sdb] Incomplete mode parameter data
[    5.723148] sd 2:0:1:0: [sdb] Assuming drive cache: write through
[    5.729366] sd 2:0:0:0: [sda] Incomplete mode parameter data
[    5.730982] sd 2:0:1:0: [sdb] Attached SCSI disk
[    5.732422] sd 2:0:0:0: [sda] Assuming drive cache: write through
[    5.738165]  sda: sda1
[    5.740140] sd 2:0:0:0: [sda] Attached SCSI disk
Begin: Loading essential drivers ... [    7.603077] md: linear personality registered for level -1
[    7.617150] md: multipath personality registered for level -4
[    7.630036] md: raid0 personality registered for level 0
[    7.649961] md: raid1 personality registered for level 1
[    7.732363] raid6: sse2x1   gen()  2628 MB/s
[    7.812793] raid6: sse2x1   xor()  1712 MB/s
[    7.888764] raid6: sse2x2   gen()  3833 MB/s
[    7.964432] raid6: sse2x2   xor()  2740 MB/s
[    8.032353] raid6: sse2x4   gen()  7367 MB/s
[    8.100644] raid6: sse2x4   xor()  4682 MB/s
[    8.172908] raid6: avx2x1   gen()  7250 MB/s
[    8.240941] raid6: avx2x2   gen() 10197 MB/s
[    8.308755] raid6: avx2x4   gen() 10350 MB/s
[    8.311014] raid6: using algorithm avx2x4 gen() 10350 MB/s
[    8.313650] raid6: using avx2x2 recovery algorithm
[    8.325420] xor: automatically using best checksumming function:
[    8.368853]    avx       : 29575.000 MB/sec
[    8.377419] async_tx: api initialized (async)
[    8.396261] md: raid6 personality registered for level 6
[    8.397960] md: raid5 personality registered for level 5
[    8.402116] md: raid4 personality registered for level 4
[    8.416187] md: raid10 personality registered for level 10
done.
Begin: Running /scripts/init-premount ... done.
Begin: Mounting root file system ... Begin: Running /scripts/local-top ... done.
Begin: Running /scripts/local-premount ... [    8.493286] Btrfs loaded
Scanning for Btrfs filesystems
done.
Warning: fsck not present, so skipping root file system
[    8.536906] EXT4-fs (sda1): mounted filesystem with ordered data mode. Opts: (null)
done.
Begin: Running /scripts/local-bottom ... done.
Begin: Running /scripts/init-bottom ... done.
[    8.694575] systemd[1]: systemd 229 running in system mode. (+PAM +AUDIT +SELINUX +IMA +APPARMOR +SMACK +SYSVINIT +UTMP +LIBCRYPTSETUP +GCRYPT +GNUTLS +ACL +XZ -LZ4 +SECCOMP +BLKID +ELFUTILS +KMOD -IDN)
[    8.702663] systemd[1]: Detected virtualization oracle.
[    8.704790] systemd[1]: Detected architecture x86-64.

Welcome to [1mUbuntu 16.04.6 LTS[0m!

[    8.710676] systemd[1]: Set hostname to <ubuntu>.
[    8.715672] systemd[1]: Initializing machine ID from random generator.
[    8.717986] systemd[1]: Installed transient /etc/machine-id file.
[    8.916630] systemd[1]: Reached target Swap.
[[0;32m  OK  [0m] Reached target Swap.
[    8.919347] systemd[1]: Listening on Device-mapper event daemon FIFOs.
[[0;32m  OK  [0m] Listening on Device-mapper event daemon FIFOs.
[    8.924638] systemd[1]: Listening on Journal Audit Socket.
[[0;32m  OK  [0m] Listening on Journal Audit Socket.
[    8.927517] systemd[1]: Reached target Encrypted Volumes.
[[0;32m  OK  [0m] Reached target Encrypted Volumes.
[    8.930538] systemd[1]: Created slice System Slice.
[[0;32m  OK  [0m] Created slice System Slice.
[    8.933145] systemd[1]: Listening on LVM2 metadata daemon socket.
[[0;32m  OK  [0m] Listening on LVM2 metadata daemon socket.
[    8.938544] systemd[1]: Listening on LVM2 poll daemon socket.
[[0;32m  OK  [0m] Listening on LVM2 poll daemon socket.
[    8.942180] systemd[1]: Started Trigger resolvconf update for networkd DNS.
[[0;32m  OK  [0m] Started Trigger resolvconf update for networkd DNS.
[    8.949541] systemd[1]: Listening on Journal Socket (/dev/log).
[[0;32m  OK  [0m] Listening on Journal Socket (/dev/log).
[    8.959029] systemd[1]: Listening on udev Control Socket.
[[0;32m  OK  [0m] Listening on udev Control Socket.
[    8.963311] systemd[1]: Reached target User and Group Name Lookups.
[[0;32m  OK  [0m] Reached target User and Group Name Lookups.
[    8.970072] systemd[1]: Listening on udev Kernel Socket.
[[0;32m  OK  [0m] Listening on udev Kernel Socket.
[    8.975061] systemd[1]: Listening on /dev/initctl Compatibility Named Pipe.
[[0;32m  OK  [0m] Listening on /dev/initctl Compatibility Named Pipe.
[    8.978837] systemd[1]: Created slice system-serial\x2dgetty.slice.
[[0;32m  OK  [0m] Created slice system-serial\x2dgetty.slice.
[    8.982210] systemd[1]: Created slice User and Session Slice.
[[0;32m  OK  [0m] Created slice User and Session Slice.
[    8.987719] systemd[1]: Reached target Slices.
[[0;32m  OK  [0m] Reached target Slices.
[    8.993047] systemd[1]: Listening on Journal Socket.
[[0;32m  OK  [0m] Listening on Journal Socket.
[    9.009254] systemd[1]: Starting Create list of required static device nodes for the current kernel...
         Starting Create list of required st... nodes for the current kernel...
[    9.014936] systemd[1]: Starting Remount Root and Kernel File Systems...
         Starting Remount Root and Kernel File Systems...
[    9.020418] systemd[1]: Starting Nameserver information manager...
         Starting Nameser[    9.025277] EXT4-fs (sda1): re-mounted. Opts: (null)
ver information manager...
[    9.027713] systemd[1]: Starting Monitoring of LVM2 mirrors, snapshots etc. using dmeventd or progress polling...
         Starting Monitoring of LVM2 mirrors... dmeventd or progress polling...
[    9.035832] systemd[1]: Mounting POSIX Message Queue File System...
         Mounting POSIX Message Queue File System...
[    9.046130] systemd[1]: Starting Uncomplicated firewall...
         Starting Uncomplicated firewall...
[    9.059710] systemd[1]: Starting Load Kernel Modules...
         Starting Load Kernel Modules...
[    9.063303] systemd[1]: Starting Set console keymap...
         Starting Set console keymap...
[    9.075736] systemd[1]: Mounting Debug File System...
         Mounting Debug File System...
[    9.079332] systemd[1]: Mounting Huge Pages File System...
         Mounting Huge Pages File System...
[    9.084263] Loading iSCSI transport class v2.0-870.
[    9.084474] systemd[1]: Listening on Syslog Socket.
[[0;32m  OK  [0m] Listening on Syslog Socket.
[    9.095348] systemd[1]: Starting Journal Service...
         Starting Journal Service...
[    9.099712] systemd[1]: Started Forward Password Requests to Wall Directory Watch.
[[0;32m  OK  [0m] Started Forward Password Requests to Wall Directory Watch.
[    9.114793] systemd[1]: Reached target System Time Synchronized.
[[0;32m  OK  [0m] Reached target System Time Synchronized.
[    9.126535] systemd[1]: Set up automount Arbitrary Executable File Formats File System Automount Point.
[[0;32m  OK  [0m] Set up automount Arbitrary Executab...ats File System Automount Point.
[    9.148779] iscsi: registered transport (tcp)
[    9.169096] systemd[1]: Mounted Debug File System.
[[0;32m  OK  [0m] Mounted Debug File System.
[    9.176626] systemd[1]: Mounted POSIX Message Queue File System.
[[0;32m  OK  [0m] Mounted POSIX Message Queue File System.
[    9.179561] systemd[1]: Mounted Huge Pages File System.
[[0;32m  OK  [0m] Mounted Huge Pages File System.
[    9.198257] systemd[1]: Started Create list of required static device nodes for the current kernel.
[[0;32m  OK  [0m] Started Create list of required sta...ce nodes for the current kernel.[    9.208960] random: nonblocking pool is initialized

[    9.213265] systemd[1]: Started Remount Root and Kernel File Systems.
[[0;32m  OK  [0m] Started Remount Root and Kernel File Systems.
[    9.245078] systemd[1]: Started Uncomplicated firewall.
[    9.246596] iscsi: registered transport (iser)
[[0;32m  OK  [0m] Started Uncomplicated firewall.
[    9.249682] systemd[1]: Started Load Kernel Modules.
[[0;32m  OK  [0m] Started Load Kernel Modules.
[    9.254660] systemd[1]: Started Set console keymap.
[[0;32m  OK  [0m] Started Set console keymap.
[    9.261163] systemd[1]: Started Nameserver information manager.
[[0;32m  OK  [0m] Started Nameserver information manager.
[    9.266152] systemd[1]: Started Journal Service.
[[0;32m  OK  [0m] Started Journal Service.
[[0;32m  OK  [0m] Started LVM2 metadata daemon.
         Starting Apply Kernel Variables...
         Mounting FUSE Control File System...
         Starting udev Coldplug all Devices...
         Starting Flush Journal to Persistent Storage...
         Starting Load/Save Random Seed...
         Starting Create Static Device Nodes in /dev...
[[0;32m  OK  [0m] Mounted FUSE Control File System.
[[0;32m  OK  [0m] Started Apply Kernel Variables.
[[0;32m  OK  [0m] Started Load/Save Random Seed.
[[0;32m  OK  [0m] Started Flush Journal to Persistent Storage.
[[0;32m  OK  [0m] Started Create Static Device Nodes in /dev.
         Starting udev Kernel Device Manager...
[[0;32m  OK  [0m] Started udev Coldplug all Devices.
[[0;32m  OK  [0m] Started udev Kernel Device Manager.
[[0;32m  OK  [0m] Started Dispatch Password Requests to Console Directory Watch.
[[0;32m  OK  [0m] Found device /dev/ttyS0.
[[0;32m  OK  [0m] Started Monitoring of LVM2 mirrors,...ng dmeventd or progress polling.
[[0;32m  OK  [0m] Reached target Local File Systems (Pre).
[[0;32m  OK  [0m] Reached target Local File Systems.
         Starting LSB: AppArmor initialization...
         Starting Set console font and keymap...
         Starting Create Volatile Files and Directories...
         Starting Initial cloud-init job (pre-networking)...
         Starting Commit a transient machine-id on disk...
         Starting Tell Plymouth To Write Out Runtime Data...
[[0;32m  OK  [0m] Started Tell Plymouth To Write Out Runtime Data.
[[0;32m  OK  [0m] Started Create Volatile Files and Directories.
         Starting Update UTMP about System Boot/Shutdown...
[[0;32m  OK  [0m] Started Update UTMP about System Boot/Shutdown.
[[0;32m  OK  [0m] Started Commit a transient machine-id on disk.
[[0;32m  OK  [0m] Listening on Load/Save RF Kill Switch Status /dev/rfkill Watch.
[[0;32m  OK  [0m] Started LSB: AppArmor initialization.
[[0;32m  OK  [0m] [   12.172574] cloud-init[507]: Cloud-init v. 19.4-33-gbb4131a2-0ubuntu1~16.04.1 running 'init-local' at Fri, 13 Mar 2020 09:35:52 +0000. Up 11.33 seconds.
Started Initial cloud-init job (pre-networking).
[[0;32m  OK  [0m] Reached target Network (Pre).
         Starting Raise network interfaces...
[[0;32m  OK  [0m] Started Set console font and keymap.
[[0;32m  OK  [0m] Created slice system-getty.slice.
[[0;32m  OK  [0m] Started Raise network interfaces.
         Starting Initial cloud-init job (metadata service crawler)...
[[0;32m  OK  [0m] Reached target Network.
[   15.258584] cloud-init[970]: Cloud-init v. 19.4-33-gbb4131a2-0ubuntu1~16.04.1 running 'init' at Fri, 13 Mar 2020 09:35:54 +0000. Up 13.83 seconds.
[   15.264050] cloud-init[970]: ci-info: ++++++++++++++++++++++++++++++++++++++Net device info+++++++++++++++++++++++++++++++++++++++
[   15.278257] cloud-init[970]: ci-info: +--------+-------+----------------------------+---------------+--------+-------------------+
[   15.282237] cloud-init[970]: ci-info: | Device |   Up  |          Address           |      Mask     | Scope  |     Hw-Address    |
[   15.295372] cloud-init[970]: ci-info: +--------+-------+----------------------------+---------------+--------+-------------------+
[   15.308592] cloud-init[970]: ci-info: | enp0s3 |  True |         10.0.2.15          | 255.255.255.0 | global | 02:1b:c5:10:6b:e2 |
[   15.320812] cloud-init[970]: ci-info: | enp0s3 |  True | fe80::1b:c5ff:fe10:6be2/64 |       .       |  link  | 02:1b:c5:10:6b:e2 |
[   15.323062] cloud-init[970]: ci-info: | enp0s8 | False |             .              |       .       |   .    | 08:00:27:53:31:29 |
[   15.325600] cloud-init[970]: ci-info: |   lo   |  True |         127.0.0.1          |   255.0.0.0   |  host  |         .         |
[   15.336969] cloud-init[970]: ci-info: |   lo   |  True |          ::1/128           |       .       |  host  |         .         |
[   15.340716] cloud-init[970]: ci-info: +--------+-------+----------------------------+---------------+--------+-------------------+
[   15.347525] cloud-init[970]: ci-info: +++++++++++++++++++++++++++Route IPv4 info++++++++++++++++++++++++++++
[   15.350165] cloud-init[970]: ci-info: +-------+-------------+----------+---------------+-----------+-------+
[   15.353184] [[0;32m  OK  [0m] Started Initial cloud-init job (metadata service crawler).
cloud-init[970]: ci-info: | Route | Destination | Gateway  |    Genmask    | Interface | Flags |
[   15.355803] [cloud-init[0;32m  OK  [0m[970]: ] ci-info: +-------+-------------+----------+---------------+-----------+-------+Reached target System Initialization.

[   15.357251] [cloud-init[0;32m  OK  [0m[970]: ] ci-info: |   0   |   0.0.0.0   | 10.0.2.2 |    0.0.0.0    |   enp0s3  |   UG  |Started Daily apt download activities.

[[0;32m  OK  [0m] Started Daily apt upgrade and clean activities.
[[0;32m  OK  [0m] Started Daily Cleanup of Temporary Directories.
[[0;32m  OK  [0m] Listening on ACPID Listen Socket.
[   15.362294] cloud-init[970]: ci-info: |   1   |   10.0.2.0  | 0.0.0.0  | 255.255.255.0 |   enp0s3  |   U   |
[[0;32m  OK  [0m] Listening on UUID daemon activation socket.
[   15.368905] [[0;32m  OK  [0m] Started Message of the Day.
[[0;32m  OK  [0m] Reached target Timers.
         Starting Socket activation for snappy daemon.
cloud-init[970]: ci-info: +-------+-------------+----------+---------------+-----------+-------+
[   15.372511] [[0;32m  OK  [0m] Started ACPI Events Check.
[[0;32m  OK  [0m] Reached target Paths.
cloud-init[970]: ci-info: +++++++++++++++++++Route IPv6 info+++++++++++++++++++
         [   15.378722] Starting LXD - unix socket.cloud-init
[970]: ci-info: +-------+-------------+---------+-----------+-------+
[   15.381064] cloud-init[970]: ci-info: | Route | Destination | Gateway | Interface | Flags |
[[0;32m  OK  [0m] Listening on D-Bus System Message Bus Socket.
[   15.381895] cloud-init[970]: ci-info: +-------+-------------+---------+-----------+-------+
[   15.390273] cloud-init[970]: ci-info: |   0   |  fe80::/64  |    ::   |   enp0s3  |   U   |
[   15.390834] cloud-init[970]: ci-info: |   3   |   ff00::/8  |    ::   |   enp0s3  |   U   |
[   15.390891] cloud-init[970]: ci-info: +-------+-------------+---------+-----------+-------+
[   15.391856] cloud-init[970]: Generating public/private rsa key pair.
[   15.394947] cloud-init[970]: Your identification has been saved in /etc/ssh/ssh_host_rsa_key.
[   15.395083] cloud-init[970]: Your public key has been saved in /etc/ssh/ssh_host_rsa_key.pub.
[   15.395144] cloud-init[970]: The key fingerprint is:
[   15.395195] cloud-init[970]: SHA256:uLp53ePOcEjoRQLEsLUKC3LRL52pDXfjEMm8u1x6rRE root@ubuntu-xenial
[   15.395242] cloud-init[970]: The key's randomart image is:
[   15.395290] cloud-init[970]: +---[RSA 2048]----+
[   15.395338] cloud-init[970]: |  o=+o .         |
[   15.395385] cloud-init[970]: |   +oo=          |
[   15.395476] cloud-init[970]: |+ o .o.=.        |
[   15.395540] cloud-init[970]: |o+ .o O=o        |
[   15.395590] cloud-init[970]: |. .  *o=E.       |
[   15.395637] cloud-init[970]: |    ..o+oo       |
[   15.395681] cloud-init[970]: |     .o=+o.      |
[   15.395729] cloud-init[970]: |     o= o=+      |
[   15.395772] cloud-init[970]: |    +o ..++.     |
[   15.395815] cloud-init[970]: +----[SHA256]-----+
[   15.395857] cloud-init[970]: Generating public/private dsa key pair.
[   15.395899] cloud-init[970]: Your identification has been saved in /etc/ssh/ssh_host_dsa_key.
[   15.395942] cloud-init[970]: Your public key has been saved in /etc/ssh/ssh_host_dsa_key.pub.
[   15.395984] cloud-init[970]: The key fingerprint is:
[   15.396099] cloud-init[970]: SHA256:gBWCTrdmfJfRO22abvvj6vdyOPkbmIM/UgBAzJV4Duc root@ubuntu-xenial
[   15.396152] cloud-init[970]: The key's randomart image is:
[   15.396198] cloud-init[970]: +---[DSA 1024]----+
[   15.396242] cloud-init[970]: |   ..+==.o       |
[   15.396283] cloud-init[970]: |  o .+= * .      |
[   15.396333] cloud-init[970]: | o o...* + o     |
[   15.396375] cloud-init[970]: |  . = ..E + o    |
[   15.396454] cloud-init[970]: |   o . .S  *     |
[   15.396502] cloud-init[970]: |          o..o   |
[   15.396549] cloud-init[970]: |         ...+o.  |
[   15.396591] cloud-init[970]: |          +.O... |
[   15.396634] cloud-init[970]: |         o+B+O+. |
[   15.396697] cloud-init[970]: +----[SHA256]-----+
[   15.396747] cloud-init[970]: Generating public/private ecdsa key pair.
[   15.396795] cloud-init[970]: Your identification has been saved in /etc/ssh/ssh_host_ecdsa_key.
[   15.396843] cloud-init[970]: Your public key has been saved in /etc/ssh/ssh_host_ecdsa_key.pub.
[   15.396895] cloud-init[970]: The key fingerprint is:
[   15.396943] cloud-init[970]: SHA256:gVGmLoR++QMDhghjw6Z07ji/IAxGA6JgCrDqq8fz8pw root@ubuntu-xenial
[   15.396996] cloud-init[970]: The key's randomart image is:
[   15.397054] cloud-init[970]: +---[ECDSA 256]---+
[   15.397100] cloud-init[970]: |@+    ..o        |
[   15.397159] cloud-init[970]: |%B.o   =         |
[   15.397201] cloud-init[970]: |Xo* . o .        |
[   15.397255] cloud-init[970]: |+o.+ o   .       |
[   15.397313] cloud-init[970]: |o.+ * . S        |
[   15.397363] cloud-init[970]: |=o o =           |
[   15.397493] cloud-init[970]: |.=o   o          |
[   15.397542] cloud-init[970]: |. Bo . .         |
[   15.397585] cloud-init[970]: |oo *E            |
[   15.397629] cloud-init[970]: +----[SHA256]-----+
[   15.397673] cloud-init[970]: Generating public/private ed25519 key pair.
[   15.397724] cloud-init[970]: Your identification has been saved in /etc/ssh/ssh_host_ed25519_key.
[   15.397769] cloud-init[970]: Your public key has been saved in /etc/ssh/ssh_host_ed25519_key.pub.
[   15.397821] cloud-init[970]: The key fingerprint is:
[   15.397868] cloud-init[970]: SHA256:HAQCrRGM942DXECGmLKjXq2MtjC505oqpO4oIIB/9MQ root@ubuntu-xenial
[   15.397920] cloud-init[970]: The key's randomart image is:
[   15.397968] cloud-init[970]: +--[ED25519 256]--+
[   15.398022] cloud-init[970]: |.**=. ...        |
[   15.398638] cloud-init[970]: |*.+ o. .         |
[   15.400151] cloud-init[970]: |o+ * +  .        |
[   15.400895] cloud-init[970]: |= + = E. .       |
[   15.401498] cloud-init[970]: |oo ..+  S        |
[   15.402239] cloud-init[970]: |+o.....          |
[   15.403000] cloud-init[970]: |X.+..            |
[[0;32m  OK  [0m] Reached target Network is Online.
[   15.403351] cloud-init[970]: |BB.o             |
[   15.499490] cloud-init[970]: |&*.              |
[   15.511596] cloud-init[970]: +----[SHA256]-----+
         Starting iSCSI initiator daemon (iscsid)...
[[0;32m  OK  [0m] Reached target Cloud-config availability.
[[0;32m  OK  [0m] Listening on Socket activation for snappy daemon.
[[0;32m  OK  [0m] Listening on LXD - unix socket.
[[0;32m  OK  [0m] Reached target Sockets.
[[0;32m  OK  [0m] Reached target Basic System.
[[0;32m  OK  [0m] Started FUSE filesystem for LXC.
         Starting Pollinate to seed the pseudo random number generator...
         Starting Virtualbox guest utils...
[[0;32m  OK  [0m] Started Regular background program processing daemon.
         Starting Accounts Service...
         Starting Snappy daemon...
         Starting LSB: MD monitoring daemon...
         Starting /etc/rc.local Compatibility...
[[0;32m  OK  [0m] Started ACPI event daemon.
[[0;32m  OK  [0m] Started D-Bus System Message Bus.
         Starting LSB: Record successful boot for GRUB...
         Starting LXD - container startup/shutdown...
         Starting Login Service...
         Starting System Logging Service...
[[0;32m  OK  [0m] Started Deferred execution scheduler.
[[0;32m  OK  [0m] Started /etc/rc.local Compatibility.
[[0;32m  OK  [0m] Started System Logging Service.
[[0;32m  OK  [0m] Started iSCSI initiator daemon (iscsid).
         Starting Authenticate and Authorize Users to Run Privileged Tasks...
         Starting Login to default iSCSI targets...
[[0;32m  OK  [0m] Started Login Service.
[[0;32m  OK  [0m] Started Unattended Upgrades Shutdown.
[[0;32m  OK  [0m] Started Login to default iSCSI targets.
[[0;32m  OK  [0m] Started LSB: MD monitoring daemon.
[[0;32m  OK  [0m] Reached target Remote File Systems (Pre).
[[0;32m  OK  [0m] Reached target Remote File Systems.
         Starting LSB: Set the CPU Frequency Scaling governor to "ondemand"...
         Starting LSB: automatic crash report generation...
         Starting LSB: daemon to balance interrupts for SMP systems...
         Starting Permit User Sessions...
[[0;32m  OK  [0m] Started Authenticate and Authorize Users to Run Privileged Tasks.
[[0;32m  OK  [0m] Started Permit User Sessions.
         Starting Terminate Plymouth Boot Screen...
         Starting Hold until boot process finishes up...
[[0;32m  OK  [0m] Started Accounts Service.
[[0;32m  OK  [0m] Started Hold until boot process finishes up.
[[0;32m  OK  [0m] Started Serial Getty on ttyS0.
         Starting Set console scheme...
[[0;32m  OK  [0m] Started Getty on tty1.
[[0;32m  OK  [0m] Reached target Login Prompts.
[[0;32m  OK  [0m] Started Terminate Plymouth Boot Screen.
[[0;32m  OK  [0m] Started LSB: Record successful boot for GRUB.
[[0;32m  OK  [0m] Started Set console scheme.
[[0;32m  OK  [0m] Started LSB: Set the CPU Frequency Scaling governor to "ondemand".
[[0;32m  OK  [0m] Started LSB: automatic crash report generation.
[[0;32m  OK  [0m] Started LSB: daemon to balance interrupts for SMP systems.
[[0;32m  OK  [0m] Started Virtualbox guest utils.
[[0;32m  OK  [0m] Started LXD - container startup/shutdown.
[[0;32m  OK  [0m] Started Snappy daemon.
         Starting Wait until snapd is fully seeded...
[[0;32m  OK  [0m] Started Pollinate to seed the pseudo random number generator.
         Starting OpenBSD Secure Shell server...
[[0;32m  OK  [0m] Started OpenBSD Secure Shell server.
[[0;32m  OK  [0m] Started Wait until snapd is fully seeded.
         Starting Apply the settings specified in cloud-config...
[[0;32m  OK  [0m] Reached target Multi-User System.
[[0;32m  OK  [0m] Reached target Graphical Interface.
         Starting Update UTMP about System Runlevel Changes...
[[0;32m  OK  [0m] Started Update UTMP about System Runlevel Changes.
[   19.687448] cloud-init[1332]: Generating locales (this might take a while)...
[[0;32m  OK  [0m] Created slice User Slice of vagrant.
[[0;32m  OK  [0m] Started Session 1 of user vagrant.
         Starting User Manager for UID 1000...
[[0;32m  OK  [0m] Started User Manager for UID 1000.
[   21.553800] cloud-init[1332]:   en_US.UTF-8... done
[   21.554907] cloud-init[1332]: Generation complete.

Ubuntu 16.04.6 LTS ubuntu-xenial ttyS0

ubuntu-xenial login: [   22.167520] cloud-init[1332]: Cloud-init v. 19.4-33-gbb4131a2-0ubuntu1~16.04.1 running 'modules:config' at Fri, 13 Mar 2020 09:36:00 +0000. Up 19.48 seconds.
ci-info: no authorized SSH keys fingerprints found for user ubuntu.
<14>Mar 13 09:36:04 ec2: 
<14>Mar 13 09:36:04 ec2: #############################################################
<14>Mar 13 09:36:04 ec2: -----BEGIN SSH HOST KEY FINGERPRINTS-----
<14>Mar 13 09:36:04 ec2: 1024 SHA256:gBWCTrdmfJfRO22abvvj6vdyOPkbmIM/UgBAzJV4Duc root@ubuntu-xenial (DSA)
<14>Mar 13 09:36:04 ec2: 256 SHA256:gVGmLoR++QMDhghjw6Z07ji/IAxGA6JgCrDqq8fz8pw root@ubuntu-xenial (ECDSA)
<14>Mar 13 09:36:04 ec2: 256 SHA256:HAQCrRGM942DXECGmLKjXq2MtjC505oqpO4oIIB/9MQ root@ubuntu-xenial (ED25519)
<14>Mar 13 09:36:04 ec2: 2048 SHA256:uLp53ePOcEjoRQLEsLUKC3LRL52pDXfjEMm8u1x6rRE root@ubuntu-xenial (RSA)
<14>Mar 13 09:36:04 ec2: -----END SSH HOST KEY FINGERPRINTS-----
<14>Mar 13 09:36:04 ec2: #############################################################
-----BEGIN SSH HOST KEY KEYS-----
ecdsa-sha2-nistp256 AAAAE2VjZHNhLXNoYTItbmlzdHAyNTYAAAAIbmlzdHAyNTYAAABBBJBxiVtipDJiWESb5RVivEERNk5S7ovlV1qPB30OI9/DzQQA4AM1m2OHN05i+Pngq2yNPlkURLyHVdwWT+l8mGc= root@ubuntu-xenial
ssh-ed25519 AAAAC3NzaC1lZDI1NTE5AAAAIAOPjiDBvrFRrnnbyg0HuRlfcR0KuOceKaGfWPX7ps+G root@ubuntu-xenial
ssh-rsa AAAAB3NzaC1yc2EAAAADAQABAAABAQC/VxyuTI3E06EmgDpCRZk993qRqib7lIkC8pdIe7bpsnGxwehQ63jyMPxxUNytcO0SwSslZMzNEeXabf90+G4Z4p+7hAsKTtrMEc0AhR0OtPAm2HvjZb06L7He8PYXRLH96PzApgfPaiz/icylcaWg810qDJcs5o/yuFWKdnravhW9HP5hCeuqYvMGW7qHy8zX1u9fRZgWfWnSDfLfuMpIFeSEOjfNLEL/5477JYtsbEW0DcowTsCG4zrx160TcPKdFboZmv+Nk0jv7e5J2VqnfJx8hqN/qh4sM/lfG4uVT9rLcrfYml0zgJdq1ZQRgQeOBD/PqFrx9nDceDj3Iddn root@ubuntu-xenial
-----END SSH HOST KEY KEYS-----
[   23.109385] cloud-init[1467]: Cloud-init v. 19.4-33-gbb4131a2-0ubuntu1~16.04.1 running 'modules:final' at Fri, 13 Mar 2020 09:36:03 +0000. Up 22.80 seconds.
[   23.109675] cloud-init[1467]: ci-info: no authorized SSH keys fingerprints found for user ubuntu.
[   23.116206] cloud-init[1467]: Cloud-init v. 19.4-33-gbb4131a2-0ubuntu1~16.04.1 finished at Fri, 13 Mar 2020 09:36:04 +0000. Datasource DataSourceNoCloud [seed=/dev/sdb][dsmode=net].  Up 23.09 seconds
